<?xml version="1.0" encoding="UTF-8"?>
<!-- Generated by org.testng.reporters.JUnitReportReporter -->
<testsuite hostname="GX1W7R3" failures="0" tests="10" name="runner.TestGoIbibo" time="294.663" errors="0" timestamp="2024-06-12T19:12:40 IST" skipped="0">
  <testcase classname="runner.TestGoIbibo" name="verifySearchHotelsFunctionality" time="25.043"/>
  <testcase classname="runner.TestGoIbibo" name="currencyFunctionality" time="21.620"/>
  <testcase classname="runner.TestGoIbibo" name="searchTrains" time="25.698"/>
  <testcase classname="runner.TestGoIbibo" name="searchCabs" time="27.559"/>
  <testcase classname="runner.TestGoIbibo" name="testBusBooking" time="29.371"/>
  <testcase classname="runner.TestGoIbibo" name="testFooter" time="40.438"/>
  <testcase classname="runner.TestGoIbibo" name="searchCabsAndLoginSignupFunctionality" time="20.386"/>
  <testcase classname="runner.TestGoIbibo" name="homePageFooterSectionFunctionality" time="18.988"/>
  <testcase classname="runner.TestGoIbibo" name="homePage" time="44.579"/>
  <testcase classname="runner.TestGoIbibo" name="multiplePageExploration" time="40.981"/>
</testsuite> <!-- runner.TestGoIbibo -->
