<?xml version="1.0" encoding="UTF-8"?>
<!-- Generated by org.testng.reporters.JUnitXMLReporter -->
<testsuite ignored="0" hostname="GX1W7R3" failures="0" tests="10" name="Surefire test" time="295.619" errors="0" timestamp="2024-06-12T19:12:40 IST">
  <testcase classname="runner.TestGoIbibo" name="verifySearchHotelsFunctionality" time="20.889"/>
  <testcase classname="runner.TestGoIbibo" name="currencyFunctionality" time="16.464"/>
  <testcase classname="runner.TestGoIbibo" name="searchTrains" time="20.568"/>
  <testcase classname="runner.TestGoIbibo" name="searchCabs" time="22.686"/>
  <testcase classname="runner.TestGoIbibo" name="testBusBooking" time="26.069"/>
  <testcase classname="runner.TestGoIbibo" name="testFooter" time="36.698"/>
  <testcase classname="runner.TestGoIbibo" name="searchCabsAndLoginSignupFunctionality" time="16.406"/>
  <testcase classname="runner.TestGoIbibo" name="homePageFooterSectionFunctionality" time="12.702"/>
  <testcase classname="runner.TestGoIbibo" name="homePage" time="39.534"/>
  <testcase classname="runner.TestGoIbibo" name="multiplePageExploration" time="34.664"/>
</testsuite> <!-- Surefire test -->
